<?xml version="1.0" encoding="UTF-8"?>
<coverage generated="1656451724">
  <project timestamp="1656451724">
    <file name="/home/jesper_privat/web-udvikling/photocentral-synology-storage-client/src/HttpRequestService.php">
      <class name="PhotoCentralSynologyStorageClient\HttpRequestService" namespace="global">
        <metrics complexity="3" methods="2" coveredmethods="0" conditionals="0" coveredconditionals="0" statements="11" coveredstatements="0" elements="13" coveredelements="0"/>
      </class>
      <line num="7" type="method" name="doPostRequestWithJsonResponse" visibility="public" complexity="2" crap="6" count="0"/>
      <line num="10" type="stmt" count="0"/>
      <line num="13" type="stmt" count="0"/>
      <line num="15" type="stmt" count="0"/>
      <line num="17" type="stmt" count="0"/>
      <line num="18" type="stmt" count="0"/>
      <line num="19" type="stmt" count="0"/>
      <line num="20" type="stmt" count="0"/>
      <line num="21" type="stmt" count="0"/>
      <line num="23" type="stmt" count="0"/>
      <line num="27" type="method" name="getPOSTOptions" visibility="private" complexity="1" crap="2" count="0"/>
      <line num="29" type="stmt" count="0"/>
      <line num="37" type="stmt" count="0"/>
      <metrics loc="43" ncloc="40" classes="1" methods="2" coveredmethods="0" conditionals="0" coveredconditionals="0" statements="11" coveredstatements="0" elements="13" coveredelements="0"/>
    </file>
    <file name="/home/jesper_privat/web-udvikling/photocentral-synology-storage-client/src/SynologyStorage.php">
      <class name="PhotoCentralSynologyStorageClient\SynologyStorage" namespace="global">
        <metrics complexity="26" methods="15" coveredmethods="14" conditionals="0" coveredconditionals="0" statements="73" coveredstatements="71" elements="88" coveredelements="85"/>
      </class>
      <line num="22" type="method" name="__construct" visibility="public" complexity="1" crap="1" count="15"/>
      <line num="28" type="stmt" count="15"/>
      <line num="29" type="stmt" count="15"/>
      <line num="30" type="stmt" count="15"/>
      <line num="31" type="stmt" count="15"/>
      <line num="34" type="method" name="searchPhotos" visibility="public" complexity="2" crap="2" count="1"/>
      <line num="36" type="stmt" count="1"/>
      <line num="37" type="stmt" count="1"/>
      <line num="43" type="stmt" count="1"/>
      <line num="44" type="stmt" count="1"/>
      <line num="45" type="stmt" count="1"/>
      <line num="46" type="stmt" count="1"/>
      <line num="49" type="stmt" count="1"/>
      <line num="52" type="method" name="listPhotos" visibility="public" complexity="6" crap="6.09" count="1"/>
      <line num="57" type="stmt" count="1"/>
      <line num="59" type="stmt" count="1"/>
      <line num="60" type="stmt" count="1"/>
      <line num="61" type="stmt" count="1"/>
      <line num="62" type="stmt" count="1"/>
      <line num="66" type="stmt" count="1"/>
      <line num="67" type="stmt" count="1"/>
      <line num="68" type="stmt" count="0"/>
      <line num="69" type="stmt" count="0"/>
      <line num="73" type="stmt" count="1"/>
      <line num="79" type="stmt" count="1"/>
      <line num="80" type="stmt" count="1"/>
      <line num="81" type="stmt" count="1"/>
      <line num="82" type="stmt" count="1"/>
      <line num="85" type="stmt" count="1"/>
      <line num="88" type="method" name="getPhoto" visibility="public" complexity="1" crap="1" count="1"/>
      <line num="90" type="stmt" count="1"/>
      <line num="91" type="stmt" count="1"/>
      <line num="96" type="stmt" count="1"/>
      <line num="98" type="stmt" count="1"/>
      <line num="101" type="method" name="softDeletePhoto" visibility="public" complexity="1" crap="1" count="2"/>
      <line num="103" type="stmt" count="2"/>
      <line num="104" type="stmt" count="2"/>
      <line num="108" type="stmt" count="2"/>
      <line num="109" type="stmt" count="2"/>
      <line num="112" type="method" name="undoSoftDeletePhoto" visibility="public" complexity="1" crap="1" count="2"/>
      <line num="114" type="stmt" count="2"/>
      <line num="115" type="stmt" count="2"/>
      <line num="119" type="stmt" count="2"/>
      <line num="120" type="stmt" count="2"/>
      <line num="123" type="method" name="listPhotoCollections" visibility="public" complexity="2" crap="2" count="1"/>
      <line num="125" type="stmt" count="1"/>
      <line num="126" type="stmt" count="1"/>
      <line num="130" type="stmt" count="1"/>
      <line num="131" type="stmt" count="1"/>
      <line num="133" type="stmt" count="1"/>
      <line num="134" type="stmt" count="1"/>
      <line num="137" type="stmt" count="1"/>
      <line num="140" type="method" name="getPathOrUrlToPhoto" visibility="public" complexity="1" crap="1" count="1"/>
      <line num="145" type="stmt" count="1"/>
      <line num="148" type="method" name="getBaseUrl" visibility="private" complexity="1" crap="1" count="12"/>
      <line num="150" type="stmt" count="12"/>
      <line num="153" type="method" name="setPhotoCache" visibility="public" complexity="1" crap="1" count="2"/>
      <line num="155" type="stmt" count="2"/>
      <line num="158" type="method" name="getPhotoCache" visibility="public" complexity="1" crap="1" count="2"/>
      <line num="160" type="stmt" count="2"/>
      <line num="172" type="method" name="getPathOrUrlToCachedPhoto" visibility="public" complexity="2" crap="2" count="2"/>
      <line num="178" type="stmt" count="2"/>
      <line num="179" type="stmt" count="1"/>
      <line num="181" type="stmt" count="1"/>
      <line num="185" type="method" name="listPhotoQuantityByYear" visibility="public" complexity="2" crap="2" count="1"/>
      <line num="187" type="stmt" count="1"/>
      <line num="188" type="stmt" count="1"/>
      <line num="192" type="stmt" count="1"/>
      <line num="193" type="stmt" count="1"/>
      <line num="194" type="stmt" count="1"/>
      <line num="195" type="stmt" count="1"/>
      <line num="198" type="stmt" count="1"/>
      <line num="201" type="method" name="listPhotoQuantityByMonth" visibility="public" complexity="2" crap="2" count="1"/>
      <line num="203" type="stmt" count="1"/>
      <line num="204" type="stmt" count="1"/>
      <line num="209" type="stmt" count="1"/>
      <line num="210" type="stmt" count="1"/>
      <line num="211" type="stmt" count="1"/>
      <line num="212" type="stmt" count="1"/>
      <line num="215" type="stmt" count="1"/>
      <line num="218" type="method" name="listPhotoQuantityByDay" visibility="public" complexity="2" crap="2" count="1"/>
      <line num="220" type="stmt" count="1"/>
      <line num="221" type="stmt" count="1"/>
      <line num="227" type="stmt" count="1"/>
      <line num="228" type="stmt" count="1"/>
      <line num="229" type="stmt" count="1"/>
      <line num="230" type="stmt" count="1"/>
      <line num="233" type="stmt" count="1"/>
      <metrics loc="236" ncloc="226" classes="1" methods="15" coveredmethods="14" conditionals="0" coveredconditionals="0" statements="73" coveredstatements="71" elements="88" coveredelements="85"/>
    </file>
    <metrics files="2" loc="279" ncloc="266" classes="2" methods="17" coveredmethods="14" conditionals="0" coveredconditionals="0" statements="84" coveredstatements="71" elements="101" coveredelements="85"/>
  </project>
</coverage>
